2024.07.25 21:44:07 INFO  Started: Metals version 1.3.4 in folders 'C:\Users\diall\OneDrive\Dokumente\Spark-Streaming' for client Visual Studio Code 1.91.1.
SLF4J(W): Class path contains multiple SLF4J providers.
SLF4J(W): Found provider [scribe.slf4j.ScribeServiceProvider@16d0bb93]
SLF4J(W): Found provider [ch.qos.logback.classic.spi.LogbackServiceProvider@e00aaeb]
SLF4J(W): See https://www.slf4j.org/codes.html#multiple_bindings for an explanation.
SLF4J(I): Actual provider is of type [scribe.slf4j.ScribeServiceProvider@16d0bb93]
2024.07.25 21:44:07 WARN  Flyway upgrade recommended: H2 2.3.230 is newer than this version of Flyway and support has not been tested. The latest supported version of H2 is 2.2.220.
2024.07.25 21:44:09 INFO  no build target found for C:\Users\diall\OneDrive\Dokumente\Spark-Streaming\Projet_ spark\src\main\scala\Consumer.scala. Using presentation compiler with project's scala-library version: 3.3.3
2024.07.25 21:44:09 INFO  Attempting to connect to the build server...
2024.07.25 21:44:10 INFO  no build target found for C:\Users\diall\OneDrive\Dokumente\Spark-Streaming\Projet_ spark\src\main\scala\Consumer.scala. Using presentation compiler with project's scala-library version: 3.3.3
2024.07.25 21:44:11 INFO  no build target found for C:\Users\diall\OneDrive\Dokumente\Spark-Streaming\Projet_ spark\src\main\scala\Consumer.scala. Using presentation compiler with project's scala-library version: 3.3.3
2024.07.25 21:44:11 INFO  no build target found for C:\Users\diall\OneDrive\Dokumente\Spark-Streaming\Projet_ spark\src\main\scala\Consumer.scala. Using presentation compiler with project's scala-library version: 3.3.3
2024.07.25 21:44:11 INFO  no build target found for C:\Users\diall\OneDrive\Dokumente\Spark-Streaming\Projet_ spark\src\main\scala\Consumer.scala. Using presentation compiler with project's scala-library version: 3.3.3
2024.07.25 21:44:12 INFO  no build target found for C:\Users\diall\OneDrive\Dokumente\Spark-Streaming\Projet_ spark\src\main\scala\Consumer.scala. Using presentation compiler with project's scala-library version: 3.3.3
2024.07.25 21:44:12 INFO  no build target found for C:\Users\diall\OneDrive\Dokumente\Spark-Streaming\Projet_ spark\src\main\scala\Consumer.scala. Using presentation compiler with project's scala-library version: 3.3.3
2024.07.25 21:44:13 INFO  tracing is disabled for protocol BSP, to enable tracing of incoming and outgoing JSON messages create an empty file at C:\Users\diall\OneDrive\Dokumente\Spark-Streaming\.metals\bsp.trace.json or C:\Users\diall\AppData\Local\scalameta\metals\cache\bsp.trace.json
2024.07.25 21:44:12 INFO  no build target found for C:\Users\diall\OneDrive\Dokumente\Spark-Streaming\Projet_ spark\src\main\scala\Consumer.scala. Using presentation compiler with project's scala-library version: 3.3.3
2024.07.25 21:44:13 INFO  time: Connected to build server in 4.62s
2024.07.25 21:44:13 INFO  Connected to Build server: Bloop v1.6.0
2024.07.25 21:44:13 INFO  running doctor check
2024.07.25 21:44:13 INFO  java targets: 
2024.07.25 21:44:14 INFO  no build target found for C:\Users\diall\OneDrive\Dokumente\Spark-Streaming\Projet_ spark\src\main\scala\Consumer.scala. Using presentation compiler with project's scala-library version: 3.3.3
2024.07.25 21:44:14 WARN  Flyway upgrade recommended: H2 2.3.230 is newer than this version of Flyway and support has not been tested. The latest supported version of H2 is 2.2.220.
2024.07.25 21:44:23 INFO  time: indexed workspace in 9.11s
2024.07.25 21:44:23 WARN  no build target for: C:\Users\diall\OneDrive\Dokumente\Spark-Streaming\Projet_ spark\src\main\scala\Consumer.scala
2024.07.25 21:44:23 INFO  no build target found for C:\Users\diall\OneDrive\Dokumente\Spark-Streaming\Projet_ spark\src\main\scala\Consumer.scala. Using presentation compiler with project's scala-library version: 3.3.3
2024.07.25 21:44:23 INFO  no build target found for C:\Users\diall\OneDrive\Dokumente\Spark-Streaming\Projet_ spark\src\main\scala\Consumer.scala. Using presentation compiler with project's scala-library version: 3.3.3
2024.07.25 21:44:36 INFO  no build target found for C:\Users\diall\OneDrive\Dokumente\Spark-Streaming\Projet_ spark\src\main\scala\Producer.scala. Using presentation compiler with project's scala-library version: 3.3.3
2024.07.25 21:44:37 INFO  no build target found for C:\Users\diall\OneDrive\Dokumente\Spark-Streaming\Projet_ spark\src\main\scala\Producer.scala. Using presentation compiler with project's scala-library version: 3.3.3
2024.07.25 21:44:38 INFO  no build target found for C:\Users\diall\OneDrive\Dokumente\Spark-Streaming\Projet_ spark\src\main\scala\Producer.scala. Using presentation compiler with project's scala-library version: 3.3.3
2024.07.25 21:44:56 INFO  no build target found for C:\Users\diall\OneDrive\Dokumente\Spark-Streaming\Projet_ spark\src\main\scala\Producer.scala. Using presentation compiler with project's scala-library version: 3.3.3
2024.07.25 21:45:11 INFO  no build target found for C:\Users\diall\OneDrive\Dokumente\Spark-Streaming\Projet_ spark\src\main\scala\Producer.scala. Using presentation compiler with project's scala-library version: 3.3.3
2024.07.25 21:45:11 INFO  no build target found for C:\Users\diall\OneDrive\Dokumente\Spark-Streaming\Projet_ spark\src\main\scala\Producer.scala. Using presentation compiler with project's scala-library version: 3.3.3
2024.07.25 21:45:14 INFO  no build target found for C:\Users\diall\OneDrive\Dokumente\Spark-Streaming\Projet_ spark\src\main\scala\Producer.scala. Using presentation compiler with project's scala-library version: 3.3.3
2024.07.25 21:45:14 INFO  no build target found for C:\Users\diall\OneDrive\Dokumente\Spark-Streaming\Projet_ spark\src\main\scala\Producer.scala. Using presentation compiler with project's scala-library version: 3.3.3
2024.07.25 21:45:15 INFO  no build target found for C:\Users\diall\OneDrive\Dokumente\Spark-Streaming\Projet_ spark\src\main\scala\Producer.scala. Using presentation compiler with project's scala-library version: 3.3.3
2024.07.25 21:45:18 INFO  no build target found for C:\Users\diall\OneDrive\Dokumente\Spark-Streaming\Projet_ spark\src\main\scala\Producer.scala. Using presentation compiler with project's scala-library version: 3.3.3
juil. 25, 2024 9:45:18 PM org.eclipse.lsp4j.jsonrpc.RemoteEndpoint handleCancellation
AVERTISSEMENT: Unmatched cancel notification for request id 50
juil. 25, 2024 9:47:27 PM org.eclipse.lsp4j.jsonrpc.services.GenericEndpoint notify
INFOS: Unsupported notification method: $/setTrace
2024.07.25 21:49:51 INFO  no build target found for C:\Users\diall\OneDrive\Dokumente\Spark-Streaming\Projet_ spark\src\main\scala\Consumer.scala. Using presentation compiler with project's scala-library version: 3.3.3
2024.07.25 21:50:24 INFO  no build target found for C:\Users\diall\OneDrive\Dokumente\Spark-Streaming\Projet_ spark\src\main\scala\Producer.scala. Using presentation compiler with project's scala-library version: 3.3.3
2024.07.25 21:50:24 INFO  no build target found for C:\Users\diall\OneDrive\Dokumente\Spark-Streaming\Projet_ spark\src\main\scala\Producer.scala. Using presentation compiler with project's scala-library version: 3.3.3
2024.07.25 21:50:30 INFO  no build target found for C:\Users\diall\OneDrive\Dokumente\Spark-Streaming\Projet_ spark\src\main\scala\Producer.scala. Using presentation compiler with project's scala-library version: 3.3.3
2024.07.25 21:55:24 INFO  no build target found for c:\Users\diall\OneDrive\Dokumente\Spark-Streaming\Projet_ spark\src\main\scala\Producer.scala. Using presentation compiler with project's scala-library version: 3.3.3
2024.07.25 21:55:29 INFO  no build target found for c:\Users\diall\OneDrive\Dokumente\Spark-Streaming\Projet_ spark\src\main\scala\Producer.scala. Using presentation compiler with project's scala-library version: 3.3.3
2024.07.25 21:55:29 INFO  no build target found for c:\Users\diall\OneDrive\Dokumente\Spark-Streaming\Projet_ spark\src\main\scala\Producer.scala. Using presentation compiler with project's scala-library version: 3.3.3
2024.07.25 21:55:35 INFO  no build target found for c:\Users\diall\OneDrive\Dokumente\Spark-Streaming\Projet_ spark\src\main\scala\Producer.scala. Using presentation compiler with project's scala-library version: 3.3.3
2024.07.25 21:56:31 INFO  no build target found for c:\Users\diall\OneDrive\Dokumente\Spark-Streaming\Projet_ spark\src\main\scala\Producer.scala. Using presentation compiler with project's scala-library version: 3.3.3
2024.07.25 21:56:31 INFO  no build target found for c:\Users\diall\OneDrive\Dokumente\Spark-Streaming\Projet_ spark\src\main\scala\Producer.scala. Using presentation compiler with project's scala-library version: 3.3.3
2024.07.25 22:00:24 INFO  no build target found for c:\Users\diall\OneDrive\Dokumente\Spark-Streaming\Projet_ spark\src\main\scala\Producer.scala. Using presentation compiler with project's scala-library version: 3.3.3
2024.07.25 22:00:26 INFO  no build target found for c:\Users\diall\OneDrive\Dokumente\Spark-Streaming\Projet_ spark\src\main\scala\Producer.scala. Using presentation compiler with project's scala-library version: 3.3.3
